[debug] [2022-01-14T14:27:03.412Z] ----------------------------------------------------------------------
[debug] [2022-01-14T14:27:03.415Z] Command:       /usr/local/bin/firebase /Users/BangJ/.cache/firebase/tools/lib/node_modules/firebase-tools/lib/bin/firebase init
[debug] [2022-01-14T14:27:03.415Z] CLI Version:   9.1.2
[debug] [2022-01-14T14:27:03.415Z] Platform:      darwin
[debug] [2022-01-14T14:27:03.415Z] Node Version:  v12.18.1
[debug] [2022-01-14T14:27:03.416Z] Time:          Fri Jan 14 2022 06:27:03 GMT-0800 (Pacific Standard Time)
[debug] [2022-01-14T14:27:03.417Z] ----------------------------------------------------------------------
[debug] [2022-01-14T14:27:03.417Z] 
[debug] [2022-01-14T14:27:03.422Z] > command requires scopes: ["email","openid","https://www.googleapis.com/auth/cloudplatformprojects.readonly","https://www.googleapis.com/auth/firebase","https://www.googleapis.com/auth/cloud-platform"]
[debug] [2022-01-14T14:27:03.422Z] > authorizing via signed-in user
[info] 
     ######## #### ########  ######## ########     ###     ######  ########
     ##        ##  ##     ## ##       ##     ##  ##   ##  ##       ##
     ######    ##  ########  ######   ########  #########  ######  ######
     ##        ##  ##    ##  ##       ##     ## ##     ##       ## ##
     ##       #### ##     ## ######## ########  ##     ##  ######  ########

You're about to initialize a Firebase project in this directory:

  /Users/BangJ/Documents/sharesub

Before we get started, keep in mind:

  * You are initializing in an existing Firebase project directory

[info] 
=== Project Setup
[info] 
[info] First, let's associate this project directory with a Firebase project.
[info] You can create multiple project aliases by running firebase use --add, 
[info] but for now we'll just set up a default project.
[info] 
[info] i  .firebaserc already has a default project, using sharesub-5c6f8. 
[debug] [2022-01-14T14:27:06.153Z] >>> HTTP REQUEST GET https://firebase.googleapis.com/v1beta1/projects/sharesub-5c6f8  
 
[debug] [2022-01-14T14:27:06.958Z] <<< HTTP RESPONSE 200 {"content-type":"application/json; charset=UTF-8","vary":"X-Origin, Referer, Origin,Accept-Encoding","date":"Fri, 14 Jan 2022 14:27:06 GMT","server":"ESF","cache-control":"private","x-xss-protection":"0","x-frame-options":"SAMEORIGIN","x-content-type-options":"nosniff","alt-svc":"h3=\":443\"; ma=2592000,h3-29=\":443\"; ma=2592000,h3-Q050=\":443\"; ma=2592000,h3-Q046=\":443\"; ma=2592000,h3-Q043=\":443\"; ma=2592000,quic=\":443\"; ma=2592000; v=\"46,43\"","accept-ranges":"none","transfer-encoding":"chunked"}
[info] 
=== Hosting Setup
[info] 
[info] Your public directory is the folder (relative to your project directory) that
[info] will contain Hosting assets to be uploaded with firebase deploy. If you
[info] have a build process for your assets, use your build's output directory.
[info] 
